#-----------------------------------------------------------
# Webtalk v2017.4 (64-bit)
# SW Build 2086221 on Fri Dec 15 20:55:39 MST 2017
# 
# Start of session at: Mon Mar 12 14:01:35 2018
# Process ID: 11772
# Current directory: F:/ZYNQ/ZED/ZED.sdk/webtalk
# Command line: wbtcv.exe -mode batch -source sdk_webtalk.tcl
# Log file: F:/ZYNQ/ZED/ZED.sdk/webtalk/webtalk.log
# Journal file: F:/ZYNQ/ZED/ZED.sdk/webtalk\webtalk.jou
#-----------------------------------------------------------
source sdk_webtalk.tcl
# webtalk_init -webtalk_dir F:\\ZYNQ\\ZED\\ZED.sdk\\webtalk
# webtalk_register_client -client project
# webtalk_add_data -client project -key date_generated -value "2018-03-12 14:01:33" -context "software_version_and_target_device"
# webtalk_add_data -client project -key product_version -value "SDK v2017.4" -context "software_version_and_target_device"
# webtalk_add_data -client project -key build_version -value "2017.4" -context "software_version_and_target_device"
# webtalk_add_data -client project -key os_platform -value "amd64" -context "software_version_and_target_device"
# webtalk_add_data -client project -key registration_id -value "" -context "software_version_and_target_device"
# webtalk_add_data -client project -key tool_flow -value "SDK" -context "software_version_and_target_device"
# webtalk_add_data -client project -key beta -value "false" -context "software_version_and_target_device"
# webtalk_add_data -client project -key route_design -value "NA" -context "software_version_and_target_device"
# webtalk_add_data -client project -key target_family -value "NA" -context "software_version_and_target_device"
# webtalk_add_data -client project -key target_device -value "NA" -context "software_version_and_target_device"
# webtalk_add_data -client project -key target_package -value "NA" -context "software_version_and_target_device"
# webtalk_add_data -client project -key target_speed -value "NA" -context "software_version_and_target_device"
# webtalk_add_data -client project -key random_id -value "5ends15p2rfkohcsvfabu9a3s3" -context "software_version_and_target_device"
# webtalk_add_data -client project -key project_id -value "2017.4_11" -context "software_version_and_target_device"
# webtalk_add_data -client project -key project_iteration -value "11" -context "software_version_and_target_device"
# webtalk_add_data -client project -key os_name -value "Microsoft Windows 8 or later , 64-bit" -context "user_environment"
# webtalk_add_data -client project -key os_release -value "major release  (build 9200)" -context "user_environment"
# webtalk_add_data -client project -key cpu_name -value "Intel(R) Core(TM) i5-8400 CPU @ 2.80GHz" -context "user_environment"
# webtalk_add_data -client project -key cpu_speed -value "2808 MHz" -context "user_environment"
# webtalk_add_data -client project -key total_processors -value "1" -context "user_environment"
# webtalk_add_data -client project -key system_ram -value "17.097 GB" -context "user_environment"
# webtalk_register_client -client sdk
# webtalk_add_data -client sdk -key uid -value "1520833091888" -context "sdk\\\\bsp/1520833091888"
# webtalk_add_data -client sdk -key hwid -value "1520411811055" -context "sdk\\\\bsp/1520833091888"
# webtalk_add_data -client sdk -key os -value "device_tree" -context "sdk\\\\bsp/1520833091888"
# webtalk_add_data -client sdk -key apptemplate -value "null" -context "sdk\\\\bsp/1520833091888"
# webtalk_add_data -client sdk -key RecordType -value "BSPCreation" -context "sdk\\\\bsp/1520833091888"
# webtalk_add_data -client sdk -key uid -value "NA" -context "sdk\\\\bsp/1520834493539"
# webtalk_add_data -client sdk -key RecordType -value "ToolUsage" -context "sdk\\\\bsp/1520834493539"
# webtalk_add_data -client sdk -key BootgenCount -value "1" -context "sdk\\\\bsp/1520834493539"
# webtalk_add_data -client sdk -key DebugCount -value "4" -context "sdk\\\\bsp/1520834493539"
# webtalk_add_data -client sdk -key PerfCount -value "0" -context "sdk\\\\bsp/1520834493539"
# webtalk_add_data -client sdk -key FlashCount -value "0" -context "sdk\\\\bsp/1520834493539"
# webtalk_add_data -client sdk -key CrossTriggCount -value "0" -context "sdk\\\\bsp/1520834493539"
# webtalk_add_data -client sdk -key QemuDebugCount -value "0" -context "sdk\\\\bsp/1520834493539"
# webtalk_transmit -clientid 3951225768 -regid "" -xml F:\\ZYNQ\\ZED\\ZED.sdk\\webtalk\\usage_statistics_ext_sdk.xml -html F:\\ZYNQ\\ZED\\ZED.sdk\\webtalk\\usage_statistics_ext_sdk.html -wdm F:\\ZYNQ\\ZED\\ZED.sdk\\webtalk\\sdk_webtalk.wdm -intro "<H3>SDK Usage Report</H3><BR>"
# webtalk_terminate
INFO: [Common 17-206] Exiting Webtalk at Mon Mar 12 14:01:36 2018...
